Python: /mnt/vstor/courses/csds438/sxi219/conda_envs/sorting/bin/python
Conda env: /mnt/vstor/courses/csds438/sxi219/conda_envs/sorting
Python version: 3.11.14 (main, Oct 21 2025, 18:31:21) [GCC 11.2.0]
Starting dataset generation at: Thu Nov 27 05:56:10 EST 2025
Signed range:   -2147483648 to 2147483647
Unsigned range: 0 to 4294967295
------------------------------------------------------------
SIGNED: dist=uniform, n=100, min=-2147483648, max=2147483647
Output dir: datasets_signed
------------------------------------------------------------
------------------------------------------------------------
SIGNED: dist=uniform, n=1000, min=-2147483648, max=2147483647
Output dir: datasets_signed
------------------------------------------------------------
------------------------------------------------------------
SIGNED: dist=uniform, n=10000, min=-2147483648, max=2147483647
Output dir: datasets_signed
------------------------------------------------------------
------------------------------------------------------------
SIGNED: dist=uniform, n=100000, min=-2147483648, max=2147483647
Output dir: datasets_signed
------------------------------------------------------------
------------------------------------------------------------
SIGNED: dist=uniform, n=1000000, min=-2147483648, max=2147483647
Output dir: datasets_signed
------------------------------------------------------------
------------------------------------------------------------
SIGNED: dist=uniform, n=10000000, min=-2147483648, max=2147483647
Output dir: datasets_signed
------------------------------------------------------------
------------------------------------------------------------
SIGNED: dist=uniform, n=100000000, min=-2147483648, max=2147483647
Output dir: datasets_signed
------------------------------------------------------------
------------------------------------------------------------
SIGNED: dist=gaussian, n=100, min=-2147483648, max=2147483647
Output dir: datasets_signed
------------------------------------------------------------
------------------------------------------------------------
SIGNED: dist=gaussian, n=1000, min=-2147483648, max=2147483647
Output dir: datasets_signed
------------------------------------------------------------
------------------------------------------------------------
SIGNED: dist=gaussian, n=10000, min=-2147483648, max=2147483647
Output dir: datasets_signed
------------------------------------------------------------
------------------------------------------------------------
SIGNED: dist=gaussian, n=100000, min=-2147483648, max=2147483647
Output dir: datasets_signed
------------------------------------------------------------
------------------------------------------------------------
SIGNED: dist=gaussian, n=1000000, min=-2147483648, max=2147483647
Output dir: datasets_signed
------------------------------------------------------------
------------------------------------------------------------
SIGNED: dist=gaussian, n=10000000, min=-2147483648, max=2147483647
Output dir: datasets_signed
------------------------------------------------------------
------------------------------------------------------------
SIGNED: dist=gaussian, n=100000000, min=-2147483648, max=2147483647
Output dir: datasets_signed
------------------------------------------------------------
------------------------------------------------------------
SIGNED: dist=exponential, n=100, min=-2147483648, max=2147483647
Output dir: datasets_signed
------------------------------------------------------------
------------------------------------------------------------
SIGNED: dist=exponential, n=1000, min=-2147483648, max=2147483647
Output dir: datasets_signed
------------------------------------------------------------
------------------------------------------------------------
SIGNED: dist=exponential, n=10000, min=-2147483648, max=2147483647
Output dir: datasets_signed
------------------------------------------------------------
------------------------------------------------------------
SIGNED: dist=exponential, n=100000, min=-2147483648, max=2147483647
Output dir: datasets_signed
------------------------------------------------------------
------------------------------------------------------------
SIGNED: dist=exponential, n=1000000, min=-2147483648, max=2147483647
Output dir: datasets_signed
------------------------------------------------------------
------------------------------------------------------------
SIGNED: dist=exponential, n=10000000, min=-2147483648, max=2147483647
Output dir: datasets_signed
------------------------------------------------------------
------------------------------------------------------------
SIGNED: dist=exponential, n=100000000, min=-2147483648, max=2147483647
Output dir: datasets_signed
------------------------------------------------------------
------------------------------------------------------------
SIGNED: dist=sorted, n=100, min=-2147483648, max=2147483647
Output dir: datasets_signed
------------------------------------------------------------
------------------------------------------------------------
SIGNED: dist=sorted, n=1000, min=-2147483648, max=2147483647
Output dir: datasets_signed
------------------------------------------------------------
------------------------------------------------------------
SIGNED: dist=sorted, n=10000, min=-2147483648, max=2147483647
Output dir: datasets_signed
------------------------------------------------------------
------------------------------------------------------------
SIGNED: dist=sorted, n=100000, min=-2147483648, max=2147483647
Output dir: datasets_signed
------------------------------------------------------------
------------------------------------------------------------
SIGNED: dist=sorted, n=1000000, min=-2147483648, max=2147483647
Output dir: datasets_signed
------------------------------------------------------------
------------------------------------------------------------
SIGNED: dist=sorted, n=10000000, min=-2147483648, max=2147483647
Output dir: datasets_signed
------------------------------------------------------------
------------------------------------------------------------
SIGNED: dist=sorted, n=100000000, min=-2147483648, max=2147483647
Output dir: datasets_signed
------------------------------------------------------------
------------------------------------------------------------
SIGNED: dist=reverse, n=100, min=-2147483648, max=2147483647
Output dir: datasets_signed
------------------------------------------------------------
------------------------------------------------------------
SIGNED: dist=reverse, n=1000, min=-2147483648, max=2147483647
Output dir: datasets_signed
------------------------------------------------------------
------------------------------------------------------------
SIGNED: dist=reverse, n=10000, min=-2147483648, max=2147483647
Output dir: datasets_signed
------------------------------------------------------------
------------------------------------------------------------
SIGNED: dist=reverse, n=100000, min=-2147483648, max=2147483647
Output dir: datasets_signed
------------------------------------------------------------
------------------------------------------------------------
SIGNED: dist=reverse, n=1000000, min=-2147483648, max=2147483647
Output dir: datasets_signed
------------------------------------------------------------
------------------------------------------------------------
SIGNED: dist=reverse, n=10000000, min=-2147483648, max=2147483647
Output dir: datasets_signed
------------------------------------------------------------
------------------------------------------------------------
SIGNED: dist=reverse, n=100000000, min=-2147483648, max=2147483647
Output dir: datasets_signed
------------------------------------------------------------
------------------------------------------------------------
SIGNED: dist=all_identical, n=100, min=-2147483648, max=2147483647
Output dir: datasets_signed
------------------------------------------------------------
------------------------------------------------------------
SIGNED: dist=all_identical, n=1000, min=-2147483648, max=2147483647
Output dir: datasets_signed
------------------------------------------------------------
------------------------------------------------------------
SIGNED: dist=all_identical, n=10000, min=-2147483648, max=2147483647
Output dir: datasets_signed
------------------------------------------------------------
------------------------------------------------------------
SIGNED: dist=all_identical, n=100000, min=-2147483648, max=2147483647
Output dir: datasets_signed
------------------------------------------------------------
------------------------------------------------------------
SIGNED: dist=all_identical, n=1000000, min=-2147483648, max=2147483647
Output dir: datasets_signed
------------------------------------------------------------
------------------------------------------------------------
SIGNED: dist=all_identical, n=10000000, min=-2147483648, max=2147483647
Output dir: datasets_signed
------------------------------------------------------------
------------------------------------------------------------
SIGNED: dist=all_identical, n=100000000, min=-2147483648, max=2147483647
Output dir: datasets_signed
------------------------------------------------------------
------------------------------------------------------------
SIGNED: dist=staggered, n=100, min=-2147483648, max=2147483647
Output dir: datasets_signed
------------------------------------------------------------
------------------------------------------------------------
SIGNED: dist=staggered, n=1000, min=-2147483648, max=2147483647
Output dir: datasets_signed
------------------------------------------------------------
------------------------------------------------------------
SIGNED: dist=staggered, n=10000, min=-2147483648, max=2147483647
Output dir: datasets_signed
------------------------------------------------------------
------------------------------------------------------------
SIGNED: dist=staggered, n=100000, min=-2147483648, max=2147483647
Output dir: datasets_signed
------------------------------------------------------------
------------------------------------------------------------
SIGNED: dist=staggered, n=1000000, min=-2147483648, max=2147483647
Output dir: datasets_signed
------------------------------------------------------------
------------------------------------------------------------
SIGNED: dist=staggered, n=10000000, min=-2147483648, max=2147483647
Output dir: datasets_signed
------------------------------------------------------------
------------------------------------------------------------
SIGNED: dist=staggered, n=100000000, min=-2147483648, max=2147483647
Output dir: datasets_signed
------------------------------------------------------------
------------------------------------------------------------
UNSIGNED: dist=uniform, n=100, min=0, max=4294967295
Output dir: datasets_unsigned
------------------------------------------------------------
------------------------------------------------------------
UNSIGNED: dist=uniform, n=1000, min=0, max=4294967295
Output dir: datasets_unsigned
------------------------------------------------------------
------------------------------------------------------------
UNSIGNED: dist=uniform, n=10000, min=0, max=4294967295
Output dir: datasets_unsigned
------------------------------------------------------------
------------------------------------------------------------
UNSIGNED: dist=uniform, n=100000, min=0, max=4294967295
Output dir: datasets_unsigned
------------------------------------------------------------
------------------------------------------------------------
UNSIGNED: dist=uniform, n=1000000, min=0, max=4294967295
Output dir: datasets_unsigned
------------------------------------------------------------
------------------------------------------------------------
UNSIGNED: dist=uniform, n=10000000, min=0, max=4294967295
Output dir: datasets_unsigned
------------------------------------------------------------
------------------------------------------------------------
UNSIGNED: dist=uniform, n=100000000, min=0, max=4294967295
Output dir: datasets_unsigned
------------------------------------------------------------
------------------------------------------------------------
UNSIGNED: dist=gaussian, n=100, min=0, max=4294967295
Output dir: datasets_unsigned
------------------------------------------------------------
------------------------------------------------------------
UNSIGNED: dist=gaussian, n=1000, min=0, max=4294967295
Output dir: datasets_unsigned
------------------------------------------------------------
------------------------------------------------------------
UNSIGNED: dist=gaussian, n=10000, min=0, max=4294967295
Output dir: datasets_unsigned
------------------------------------------------------------
------------------------------------------------------------
UNSIGNED: dist=gaussian, n=100000, min=0, max=4294967295
Output dir: datasets_unsigned
------------------------------------------------------------
------------------------------------------------------------
UNSIGNED: dist=gaussian, n=1000000, min=0, max=4294967295
Output dir: datasets_unsigned
------------------------------------------------------------
------------------------------------------------------------
UNSIGNED: dist=gaussian, n=10000000, min=0, max=4294967295
Output dir: datasets_unsigned
------------------------------------------------------------
------------------------------------------------------------
UNSIGNED: dist=gaussian, n=100000000, min=0, max=4294967295
Output dir: datasets_unsigned
------------------------------------------------------------
------------------------------------------------------------
UNSIGNED: dist=exponential, n=100, min=0, max=4294967295
Output dir: datasets_unsigned
------------------------------------------------------------
------------------------------------------------------------
UNSIGNED: dist=exponential, n=1000, min=0, max=4294967295
Output dir: datasets_unsigned
------------------------------------------------------------
------------------------------------------------------------
UNSIGNED: dist=exponential, n=10000, min=0, max=4294967295
Output dir: datasets_unsigned
------------------------------------------------------------
------------------------------------------------------------
UNSIGNED: dist=exponential, n=100000, min=0, max=4294967295
Output dir: datasets_unsigned
------------------------------------------------------------
------------------------------------------------------------
UNSIGNED: dist=exponential, n=1000000, min=0, max=4294967295
Output dir: datasets_unsigned
------------------------------------------------------------
------------------------------------------------------------
UNSIGNED: dist=exponential, n=10000000, min=0, max=4294967295
Output dir: datasets_unsigned
------------------------------------------------------------
------------------------------------------------------------
UNSIGNED: dist=exponential, n=100000000, min=0, max=4294967295
Output dir: datasets_unsigned
------------------------------------------------------------
------------------------------------------------------------
UNSIGNED: dist=sorted, n=100, min=0, max=4294967295
Output dir: datasets_unsigned
------------------------------------------------------------
------------------------------------------------------------
UNSIGNED: dist=sorted, n=1000, min=0, max=4294967295
Output dir: datasets_unsigned
------------------------------------------------------------
------------------------------------------------------------
UNSIGNED: dist=sorted, n=10000, min=0, max=4294967295
Output dir: datasets_unsigned
------------------------------------------------------------
------------------------------------------------------------
UNSIGNED: dist=sorted, n=100000, min=0, max=4294967295
Output dir: datasets_unsigned
------------------------------------------------------------
------------------------------------------------------------
UNSIGNED: dist=sorted, n=1000000, min=0, max=4294967295
Output dir: datasets_unsigned
------------------------------------------------------------
------------------------------------------------------------
UNSIGNED: dist=sorted, n=10000000, min=0, max=4294967295
Output dir: datasets_unsigned
------------------------------------------------------------
------------------------------------------------------------
UNSIGNED: dist=sorted, n=100000000, min=0, max=4294967295
Output dir: datasets_unsigned
------------------------------------------------------------
------------------------------------------------------------
UNSIGNED: dist=reverse, n=100, min=0, max=4294967295
Output dir: datasets_unsigned
------------------------------------------------------------
------------------------------------------------------------
UNSIGNED: dist=reverse, n=1000, min=0, max=4294967295
Output dir: datasets_unsigned
------------------------------------------------------------
------------------------------------------------------------
UNSIGNED: dist=reverse, n=10000, min=0, max=4294967295
Output dir: datasets_unsigned
------------------------------------------------------------
------------------------------------------------------------
UNSIGNED: dist=reverse, n=100000, min=0, max=4294967295
Output dir: datasets_unsigned
------------------------------------------------------------
------------------------------------------------------------
UNSIGNED: dist=reverse, n=1000000, min=0, max=4294967295
Output dir: datasets_unsigned
------------------------------------------------------------
------------------------------------------------------------
UNSIGNED: dist=reverse, n=10000000, min=0, max=4294967295
Output dir: datasets_unsigned
------------------------------------------------------------
------------------------------------------------------------
UNSIGNED: dist=reverse, n=100000000, min=0, max=4294967295
Output dir: datasets_unsigned
------------------------------------------------------------
------------------------------------------------------------
UNSIGNED: dist=all_identical, n=100, min=0, max=4294967295
Output dir: datasets_unsigned
------------------------------------------------------------
------------------------------------------------------------
UNSIGNED: dist=all_identical, n=1000, min=0, max=4294967295
Output dir: datasets_unsigned
------------------------------------------------------------
------------------------------------------------------------
UNSIGNED: dist=all_identical, n=10000, min=0, max=4294967295
Output dir: datasets_unsigned
------------------------------------------------------------
------------------------------------------------------------
UNSIGNED: dist=all_identical, n=100000, min=0, max=4294967295
Output dir: datasets_unsigned
------------------------------------------------------------
------------------------------------------------------------
UNSIGNED: dist=all_identical, n=1000000, min=0, max=4294967295
Output dir: datasets_unsigned
------------------------------------------------------------
------------------------------------------------------------
UNSIGNED: dist=all_identical, n=10000000, min=0, max=4294967295
Output dir: datasets_unsigned
------------------------------------------------------------
------------------------------------------------------------
UNSIGNED: dist=all_identical, n=100000000, min=0, max=4294967295
Output dir: datasets_unsigned
------------------------------------------------------------
------------------------------------------------------------
UNSIGNED: dist=staggered, n=100, min=0, max=4294967295
Output dir: datasets_unsigned
------------------------------------------------------------
------------------------------------------------------------
UNSIGNED: dist=staggered, n=1000, min=0, max=4294967295
Output dir: datasets_unsigned
------------------------------------------------------------
------------------------------------------------------------
UNSIGNED: dist=staggered, n=10000, min=0, max=4294967295
Output dir: datasets_unsigned
------------------------------------------------------------
------------------------------------------------------------
UNSIGNED: dist=staggered, n=100000, min=0, max=4294967295
Output dir: datasets_unsigned
------------------------------------------------------------
------------------------------------------------------------
UNSIGNED: dist=staggered, n=1000000, min=0, max=4294967295
Output dir: datasets_unsigned
------------------------------------------------------------
------------------------------------------------------------
UNSIGNED: dist=staggered, n=10000000, min=0, max=4294967295
Output dir: datasets_unsigned
------------------------------------------------------------
------------------------------------------------------------
UNSIGNED: dist=staggered, n=100000000, min=0, max=4294967295
Output dir: datasets_unsigned
------------------------------------------------------------
Finished dataset generation at: Thu Nov 27 05:56:44 EST 2025
